<?xml version="1.0" encoding="UTF-8"?>
<!-- Generated by org.testng.reporters.JUnitXMLReporter -->
<testsuite ignored="0" hostname="LAPTOP-I9RA3P8J" failures="2" tests="2" name="Test" time="7.225" errors="0" timestamp="2026-05-14T14:37:05 IST">
  <testcase classname="io.cucumber.testng.AbstractTestNGCucumberTests" name="runScenario" time="2.59">
    <failure type="java.lang.AssertionError" message="Page title is empty — browser may not have loaded the app. expected [false] but found [true]">
      <![CDATA[java.lang.AssertionError: Page title is empty — browser may not have loaded the app. expected [false] but found [true]
at com.stepdefinitions.RegisterStepDefinition.user_is_on_demo_web_shop_application(RegisterStepDefinition.java:22)
at ✽.User is on Demo Web Shop application(file:///D:/DWS/AUTOMATIONPROJECT/DEMOWEBSHOP/src/test/resources/Features/Register.feature:4)
... Removed 3 stack frames]]>
    </failure>
  </testcase> <!-- runScenario -->
  <testcase classname="io.cucumber.testng.AbstractTestNGCucumberTests" name="runScenario" time="1.351">
    <failure type="java.lang.AssertionError" message="Page title is empty — browser may not have loaded the app. expected [false] but found [true]">
      <![CDATA[java.lang.AssertionError: Page title is empty — browser may not have loaded the app. expected [false] but found [true]
at com.stepdefinitions.RegisterStepDefinition.user_is_on_demo_web_shop_application(RegisterStepDefinition.java:22)
at ✽.User is on Demo Web Shop application(file:///D:/DWS/AUTOMATIONPROJECT/DEMOWEBSHOP/src/test/resources/Features/Register.feature:4)
... Removed 3 stack frames]]>
    </failure>
  </testcase> <!-- runScenario -->
</testsuite> <!-- Test -->
