<?xml version="1.0" encoding="UTF-8"?>
<testng-results ignored="0" total="1" passed="1" failed="0" skipped="0">
  <reporter-output>
  </reporter-output>
  <suite started-at="2026-05-14T20:04:16 IST" name="Default suite" finished-at="2026-05-14T20:04:36 IST" duration-ms="20189">
    <groups>
      <group name="cucumber">
        <method signature="AbstractTestNGCucumberTests.runScenario(io.cucumber.testng.PickleWrapper,io.cucumber.testng.FeatureWrapper)[pri:0, instance:com.runner.CucumberRunner@5e17553a]" name="runScenario" class="io.cucumber.testng.AbstractTestNGCucumberTests"/>
      </group> <!-- cucumber -->
    </groups>
    <test started-at="2026-05-14T20:04:16 IST" name="Default test" finished-at="2026-05-14T20:04:36 IST" duration-ms="20189">
      <class name="com.runner.CucumberRunner">
        <test-method is-config="true" signature="setUpClass(org.testng.ITestContext)[pri:0, instance:com.runner.CucumberRunner@5e17553a]" started-at="2026-05-14T20:04:16 IST" name="setUpClass" finished-at="2026-05-14T20:04:17 IST" duration-ms="1440" status="PASS">
          <params>
            <param index="0">
              <value>
                <![CDATA[org.testng.TestRunner@24a3d414]]>
              </value>
            </param>
          </params>
          <reporter-output>
          </reporter-output>
        </test-method> <!-- setUpClass -->
        <test-method signature="runScenario(io.cucumber.testng.PickleWrapper,io.cucumber.testng.FeatureWrapper)[pri:0, instance:com.runner.CucumberRunner@5e17553a]" started-at="2026-05-14T20:04:17 IST" name="runScenario" description="Runs Cucumber Scenarios" data-provider="scenarios" finished-at="2026-05-14T20:04:33 IST" duration-ms="16363" status="PASS">
          <params>
            <param index="0">
              <value>
                <![CDATA["procedure to checkout as registered user"]]>
              </value>
            </param>
            <param index="1">
              <value>
                <![CDATA["To procedure check out page from cart"]]>
              </value>
            </param>
          </params>
          <reporter-output>
          </reporter-output>
        </test-method> <!-- runScenario -->
        <test-method is-config="true" signature="tearDownClass()[pri:0, instance:com.runner.CucumberRunner@5e17553a]" started-at="2026-05-14T20:04:33 IST" name="tearDownClass" finished-at="2026-05-14T20:04:36 IST" duration-ms="2318" status="PASS">
          <reporter-output>
          </reporter-output>
        </test-method> <!-- tearDownClass -->
      </class> <!-- com.runner.CucumberRunner -->
    </test> <!-- Default test -->
  </suite> <!-- Default suite -->
</testng-results>
