<?xml version="1.0" encoding="UTF-8"?>
<!-- Generated by org.testng.reporters.JUnitReportReporter -->
<testsuite hostname="LAPTOP-I9RA3P8J" failures="2" tests="5" name="com.runner.TestRunner" time="29.491" errors="3" timestamp="2026-05-14T14:31:40 IST" skipped="0">
  <testcase classname="com.runner.TestRunner" name="runScenario" time="5.787">
    <error message="Cannot invoke &quot;org.openqa.selenium.WebDriver.get(String)&quot; because the return value of &quot;com.utilities.DriverFactory.getDriver()&quot; is null" type="java.lang.NullPointerException">
      <![CDATA[java.lang.NullPointerException: Cannot invoke "org.openqa.selenium.WebDriver.get(String)" because the return value of "com.utilities.DriverFactory.getDriver()" is null
at com.stepdefinitions.SearchSteps.user_is_on_the_home_page(SearchSteps.java:20)
at ✽.user is on the home page(file:///D:/DWS/AUTOMATIONPROJECT/DEMOWEBSHOP/src/test/resources/Features/Search.feature:14)
]]>
    </error>
  </testcase> <!-- runScenario -->
  <testcase classname="com.runner.TestRunner" name="runScenario" time="5.947">
    <error message="Cannot invoke &quot;org.openqa.selenium.WebDriver.get(String)&quot; because the return value of &quot;com.utilities.DriverFactory.getDriver()&quot; is null" type="java.lang.NullPointerException">
      <![CDATA[java.lang.NullPointerException: Cannot invoke "org.openqa.selenium.WebDriver.get(String)" because the return value of "com.utilities.DriverFactory.getDriver()" is null
at com.stepdefinitions.SearchSteps.user_is_on_the_home_page(SearchSteps.java:20)
at ✽.user is on the home page(file:///D:/DWS/AUTOMATIONPROJECT/DEMOWEBSHOP/src/test/resources/Features/Search.feature:26)
]]>
    </error>
  </testcase> <!-- runScenario -->
  <testcase classname="com.runner.TestRunner" name="runScenario" time="5.787">
    <error message="Cannot invoke &quot;org.openqa.selenium.WebDriver.get(String)&quot; because the return value of &quot;com.utilities.DriverFactory.getDriver()&quot; is null" type="java.lang.NullPointerException">
      <![CDATA[java.lang.NullPointerException: Cannot invoke "org.openqa.selenium.WebDriver.get(String)" because the return value of "com.utilities.DriverFactory.getDriver()" is null
at com.stepdefinitions.SearchSteps.user_is_on_the_home_page(SearchSteps.java:20)
at ✽.user is on the home page(file:///D:/DWS/AUTOMATIONPROJECT/DEMOWEBSHOP/src/test/resources/Features/Search.feature:8)
]]>
    </error>
  </testcase> <!-- runScenario -->
  <testcase classname="com.runner.TestRunner" name="runScenario" time="6.011">
    <failure message="Page title is empty — browser may not have loaded the app. expected [false] but found [true]" type="java.lang.AssertionError">
      <![CDATA[java.lang.AssertionError: Page title is empty — browser may not have loaded the app. expected [false] but found [true]
at org.testng.Assert.fail(Assert.java:111)
at org.testng.Assert.failNotEquals(Assert.java:1590)
at org.testng.Assert.assertFalse(Assert.java:79)
at com.stepdefinitions.RegisterStepDefinition.user_is_on_demo_web_shop_application(RegisterStepDefinition.java:22)
at ✽.User is on Demo Web Shop application(file:///D:/DWS/AUTOMATIONPROJECT/DEMOWEBSHOP/src/test/resources/Features/Register.feature:4)
]]>
    </failure>
  </testcase> <!-- runScenario -->
  <testcase classname="com.runner.TestRunner" name="runScenario" time="5.959">
    <failure message="Page title is empty — browser may not have loaded the app. expected [false] but found [true]" type="java.lang.AssertionError">
      <![CDATA[java.lang.AssertionError: Page title is empty — browser may not have loaded the app. expected [false] but found [true]
at org.testng.Assert.fail(Assert.java:111)
at org.testng.Assert.failNotEquals(Assert.java:1590)
at org.testng.Assert.assertFalse(Assert.java:79)
at com.stepdefinitions.RegisterStepDefinition.user_is_on_demo_web_shop_application(RegisterStepDefinition.java:22)
at ✽.User is on Demo Web Shop application(file:///D:/DWS/AUTOMATIONPROJECT/DEMOWEBSHOP/src/test/resources/Features/Register.feature:4)
]]>
    </failure>
  </testcase> <!-- runScenario -->
</testsuite> <!-- com.runner.TestRunner -->
