<?xml version="1.0" encoding="UTF-8"?>
<!-- Generated by org.testng.reporters.JUnitReportReporter -->
<testsuite hostname="LAPTOP-I9RA3P8J" failures="0" tests="3" name="com.runner.TestRunner" time="25.603" errors="0" timestamp="2026-05-13T23:23:08 IST" skipped="0">
  <testcase classname="com.runner.TestRunner" name="runScenario" time="8.664"/>
  <testcase classname="com.runner.TestRunner" name="runScenario" time="8.519"/>
  <testcase classname="com.runner.TestRunner" name="runScenario" time="8.420"/>
</testsuite> <!-- com.runner.TestRunner -->
