<?xml version="1.0" encoding="UTF-8"?>
<!-- Generated by org.testng.reporters.JUnitReportReporter -->
<testsuite hostname="DESKTOP-K2SJR3U" failures="0" tests="5" name="com.runner.CucumberRunner" time="78.822" errors="0" timestamp="2026-05-14T14:13:59 IST" skipped="0">
  <testcase classname="com.runner.CucumberRunner" name="runScenario" time="11.850"/>
  <testcase classname="com.runner.CucumberRunner" name="runScenario" time="11.751"/>
  <testcase classname="com.runner.CucumberRunner" name="runScenario" time="11.654"/>
  <testcase classname="com.runner.CucumberRunner" name="runScenario" time="22.550"/>
  <testcase classname="com.runner.CucumberRunner" name="runScenario" time="21.017"/>
</testsuite> <!-- com.runner.CucumberRunner -->
