<?xml version="1.0" encoding="UTF-8"?>
<!-- Generated by org.testng.reporters.JUnitReportReporter -->
<testsuite hostname="LAPTOP-I9RA3P8J" failures="0" tests="10" name="com.runner.CucumberRunner" time="108.532" errors="0" timestamp="2026-05-18T14:16:32 IST" skipped="0">
  <testcase classname="com.runner.CucumberRunner" name="runScenario" time="10.674"/>
  <testcase classname="com.runner.CucumberRunner" name="runScenario" time="9.552"/>
  <testcase classname="com.runner.CucumberRunner" name="runScenario" time="10.564"/>
  <testcase classname="com.runner.CucumberRunner" name="runScenario" time="9.408"/>
  <testcase classname="com.runner.CucumberRunner" name="runScenario" time="12.272"/>
  <testcase classname="com.runner.CucumberRunner" name="runScenario" time="12.019"/>
  <testcase classname="com.runner.CucumberRunner" name="runScenario" time="10.407"/>
  <testcase classname="com.runner.CucumberRunner" name="runScenario" time="11.210"/>
  <testcase classname="com.runner.CucumberRunner" name="runScenario" time="10.996"/>
  <testcase classname="com.runner.CucumberRunner" name="runScenario" time="11.430"/>
</testsuite> <!-- com.runner.CucumberRunner -->
